# JRE version: OpenJDK Runtime Environment (8.0_202) (build 1.8.0_202-release-1483-b49-5587405)
# Java VM: OpenJDK 64-Bit Server VM (25.202-b49-5587405 mixed mode linux-amd64 compressed oops)
Heap:
 PSYoungGen      total 465920K, used 0K [0x00000000d5580000, 0x0000000100000000, 0x0000000100000000)
  eden space 232960K, 0% used [0x00000000d5580000,0x00000000d5580000,0x00000000e3900000)
  from space 232960K, 0% used [0x00000000f1c80000,0x00000000f1c80000,0x0000000100000000)
  to   space 232960K, 0% used [0x00000000e3900000,0x00000000e3900000,0x00000000f1c80000)
 ParOldGen       total 610304K, used 467758K [0x0000000080000000, 0x00000000a5400000, 0x00000000d5580000)
  object space 610304K, 76% used [0x0000000080000000,0x000000009c8cba28,0x00000000a5400000)
 Metaspace       used 131870K, capacity 140082K, committed 163456K, reserved 1189888K
  class space    used 16125K, capacity 17580K, committed 22400K, reserved 1048576K
GC Heap History (10 events):
Event: 8284.929 GC heap after
Heap after GC invocations=143 (full 13):
 PSYoungGen      total 465920K, used 120849K [0x00000000d5580000, 0x0000000100000000, 0x0000000100000000)
  eden space 232960K, 0% used [0x00000000d5580000,0x00000000d5580000,0x00000000e3900000)
  from space 232960K, 51% used [0x00000000f1c80000,0x00000000f9284440,0x0000000100000000)
  to   space 232960K, 0% used [0x00000000e3900000,0x00000000e3900000,0x00000000f1c80000)
 ParOldGen       total 581632K, used 353989K [0x0000000080000000, 0x00000000a3800000, 0x00000000d5580000)
  object space 581632K, 60% used [0x0000000080000000,0x00000000959b1588,0x00000000a3800000)
 Metaspace       used 131029K, capacity 139208K, committed 163456K, reserved 1189888K
  class space    used 16025K, capacity 17478K, committed 22400K, reserved 1048576K
}
Event: 8287.904 GC heap before
{Heap before GC invocations=144 (full 13):
 PSYoungGen      total 465920K, used 353809K [0x00000000d5580000, 0x0000000100000000, 0x0000000100000000)
  eden space 232960K, 100% used [0x00000000d5580000,0x00000000e3900000,0x00000000e3900000)
  from space 232960K, 51% used [0x00000000f1c80000,0x00000000f9284440,0x0000000100000000)
  to   space 232960K, 0% used [0x00000000e3900000,0x00000000e3900000,0x00000000f1c80000)
 ParOldGen       total 581632K, used 353989K [0x0000000080000000, 0x00000000a3800000, 0x00000000d5580000)
  object space 581632K, 60% used [0x0000000080000000,0x00000000959b1588,0x00000000a3800000)
 Metaspace       used 131846K, capacity 140018K, committed 163456K, reserved 1189888K
  class space    used 16125K, capacity 17580K, committed 22400K, reserved 1048576K
Event: 8288.066 GC heap after
Heap after GC invocations=144 (full 13):
 PSYoungGen      total 465920K, used 192128K [0x00000000d5580000, 0x0000000100000000, 0x0000000100000000)
  eden space 232960K, 0% used [0x00000000d5580000,0x00000000d5580000,0x00000000e3900000)
  from space 232960K, 82% used [0x00000000e3900000,0x00000000ef4a02d8,0x00000000f1c80000)
  to   space 232960K, 0% used [0x00000000f1c80000,0x00000000f1c80000,0x0000000100000000)
 ParOldGen       total 581632K, used 354614K [0x0000000080000000, 0x00000000a3800000, 0x00000000d5580000)
  object space 581632K, 60% used [0x0000000080000000,0x0000000095a4da98,0x00000000a3800000)
 Metaspace       used 131846K, capacity 140018K, committed 163456K, reserved 1189888K
  class space    used 16125K, capacity 17580K, committed 22400K, reserved 1048576K
}
Event: 8288.736 GC heap before
{Heap before GC invocations=145 (full 13):
 PSYoungGen      total 465920K, used 425088K [0x00000000d5580000, 0x0000000100000000, 0x0000000100000000)
  eden space 232960K, 100% used [0x00000000d5580000,0x00000000e3900000,0x00000000e3900000)
  from space 232960K, 82% used [0x00000000e3900000,0x00000000ef4a02d8,0x00000000f1c80000)
  to   space 232960K, 0% used [0x00000000f1c80000,0x00000000f1c80000,0x0000000100000000)
 ParOldGen       total 581632K, used 354614K [0x0000000080000000, 0x00000000a3800000, 0x00000000d5580000)
  object space 581632K, 60% used [0x0000000080000000,0x0000000095a4da98,0x00000000a3800000)
 Metaspace       used 131855K, capacity 140018K, committed 163456K, reserved 1189888K
  class space    used 16125K, capacity 17580K, committed 22400K, reserved 1048576K
Event: 8288.938 GC heap after
Heap after GC invocations=145 (full 13):
 PSYoungGen      total 465920K, used 232937K [0x00000000d5580000, 0x0000000100000000, 0x0000000100000000)
  eden space 232960K, 0% used [0x00000000d5580000,0x00000000d5580000,0x00000000e3900000)
  from space 232960K, 99% used [0x00000000f1c80000,0x00000000ffffa5a0,0x0000000100000000)
  to   space 232960K, 0% used [0x00000000e3900000,0x00000000e3900000,0x00000000f1c80000)
 ParOldGen       total 581632K, used 381638K [0x0000000080000000, 0x00000000a3800000, 0x00000000d5580000)
  object space 581632K, 65% used [0x0000000080000000,0x00000000974b18f0,0x00000000a3800000)
 Metaspace       used 131855K, capacity 140018K, committed 163456K, reserved 1189888K
  class space    used 16125K, capacity 17580K, committed 22400K, reserved 1048576K
}
Event: 8290.424 GC heap before
{Heap before GC invocations=146 (full 13):
 PSYoungGen      total 465920K, used 465897K [0x00000000d5580000, 0x0000000100000000, 0x0000000100000000)
  eden space 232960K, 100% used [0x00000000d5580000,0x00000000e3900000,0x00000000e3900000)
  from space 232960K, 99% used [0x00000000f1c80000,0x00000000ffffa5a0,0x0000000100000000)
  to   space 232960K, 0% used [0x00000000e3900000,0x00000000e3900000,0x00000000f1c80000)
 ParOldGen       total 581632K, used 381638K [0x0000000080000000, 0x00000000a3800000, 0x00000000d5580000)
  object space 581632K, 65% used [0x0000000080000000,0x00000000974b18f0,0x00000000a3800000)
 Metaspace       used 131860K, capacity 140082K, committed 163456K, reserved 1189888K
  class space    used 16125K, capacity 17580K, committed 22400K, reserved 1048576K
Event: 8290.650 GC heap after
Heap after GC invocations=146 (full 13):
 PSYoungGen      total 465920K, used 204490K [0x00000000d5580000, 0x0000000100000000, 0x0000000100000000)
  eden space 232960K, 0% used [0x00000000d5580000,0x00000000d5580000,0x00000000e3900000)
  from space 232960K, 87% used [0x00000000e3900000,0x00000000f00b2b90,0x00000000f1c80000)
  to   space 232960K, 0% used [0x00000000f1c80000,0x00000000f1c80000,0x0000000100000000)
 ParOldGen       total 581632K, used 467608K [0x0000000080000000, 0x00000000a3800000, 0x00000000d5580000)
  object space 581632K, 80% used [0x0000000080000000,0x000000009c8a6368,0x00000000a3800000)
 Metaspace       used 131860K, capacity 140082K, committed 163456K, reserved 1189888K
  class space    used 16125K, capacity 17580K, committed 22400K, reserved 1048576K
}
Event: 8291.986 GC heap before
{Heap before GC invocations=147 (full 13):
 PSYoungGen      total 465920K, used 437450K [0x00000000d5580000, 0x0000000100000000, 0x0000000100000000)
  eden space 232960K, 100% used [0x00000000d5580000,0x00000000e3900000,0x00000000e3900000)
  from space 232960K, 87% used [0x00000000e3900000,0x00000000f00b2b90,0x00000000f1c80000)
  to   space 232960K, 0% used [0x00000000f1c80000,0x00000000f1c80000,0x0000000100000000)
 ParOldGen       total 581632K, used 467608K [0x0000000080000000, 0x00000000a3800000, 0x00000000d5580000)
  object space 581632K, 80% used [0x0000000080000000,0x000000009c8a6368,0x00000000a3800000)
 Metaspace       used 131870K, capacity 140082K, committed 163456K, reserved 1189888K
  class space    used 16125K, capacity 17580K, committed 22400K, reserved 1048576K
Event: 8298.331 GC heap after
Heap after GC invocations=147 (full 13):
 PSYoungGen      total 465920K, used 69655K [0x00000000d5580000, 0x0000000100000000, 0x0000000100000000)
  eden space 232960K, 0% used [0x00000000d5580000,0x00000000d5580000,0x00000000e3900000)
  from space 232960K, 29% used [0x00000000f1c80000,0x00000000f6085c90,0x0000000100000000)
  to   space 232960K, 0% used [0x00000000e3900000,0x00000000e3900000,0x00000000f1c80000)
 ParOldGen       total 610304K, used 609861K [0x0000000080000000, 0x00000000a5400000, 0x00000000d5580000)
  object space 610304K, 99% used [0x0000000080000000,0x00000000a5391600,0x00000000a5400000)
 Metaspace       used 131870K, capacity 140082K, committed 163456K, reserved 1189888K
  class space    used 16125K, capacity 17580K, committed 22400K, reserved 1048576K
}
Event: 8298.331 GC heap before
{Heap before GC invocations=148 (full 14):
 PSYoungGen      total 465920K, used 69655K [0x00000000d5580000, 0x0000000100000000, 0x0000000100000000)
  eden space 232960K, 0% used [0x00000000d5580000,0x00000000d5580000,0x00000000e3900000)
  from space 232960K, 29% used [0x00000000f1c80000,0x00000000f6085c90,0x0000000100000000)
  to   space 232960K, 0% used [0x00000000e3900000,0x00000000e3900000,0x00000000f1c80000)
 ParOldGen       total 610304K, used 609861K [0x0000000080000000, 0x00000000a5400000, 0x00000000d5580000)
  object space 610304K, 99% used [0x0000000080000000,0x00000000a5391600,0x00000000a5400000)
 Metaspace       used 131870K, capacity 140082K, committed 163456K, reserved 1189888K
  class space    used 16125K, capacity 17580K, committed 22400K, reserved 1048576K

